<?xml version="1.0" encoding="UTF-8"?>
<testng-results skipped="0" failed="1" ignored="0" total="1" passed="0">
  <reporter-output>
    <line>
      <![CDATA[db connection successfully]]>
    </line>
    <line>
      <![CDATA[browser launch successfully]]>
    </line>
    <line>
      <![CDATA[login successfully]]>
    </line>
    <line>
      <![CDATA[createConTest--- TestScript Failed]]>
    </line>
    <line>
      <![CDATA[logout successfully]]>
    </line>
    <line>
      <![CDATA[browser close successfully]]>
    </line>
    <line>
      <![CDATA[Database close successfully]]>
    </line>
  </reporter-output>
  <suite name="Default suite" duration-ms="25772" started-at="2022-03-17T05:41:48Z" finished-at="2022-03-17T05:42:14Z">
    <groups>
    </groups>
    <test name="Default test" duration-ms="25772" started-at="2022-03-17T05:41:48Z" finished-at="2022-03-17T05:42:14Z">
      <class name="com.crm.Contact.CreateContactWithOrgTest">
        <test-method status="PASS" signature="connectToDB()[pri:0, instance:com.crm.Contact.CreateContactWithOrgTest@5700d6b1]" name="connectToDB" is-config="true" duration-ms="16" started-at="2022-03-17T05:41:48Z" finished-at="2022-03-17T05:41:48Z">
          <reporter-output>
            <line>
              <![CDATA[db connection successfully]]>
            </line>
          </reporter-output>
        </test-method> <!-- connectToDB -->
        <test-method status="PASS" signature="launchtheBrowser()[pri:0, instance:com.crm.Contact.CreateContactWithOrgTest@5700d6b1]" name="launchtheBrowser" is-config="true" duration-ms="7456" started-at="2022-03-17T05:41:49Z" finished-at="2022-03-17T05:41:56Z">
          <reporter-output>
            <line>
              <![CDATA[browser launch successfully]]>
            </line>
          </reporter-output>
        </test-method> <!-- launchtheBrowser -->
        <test-method status="PASS" signature="login()[pri:0, instance:com.crm.Contact.CreateContactWithOrgTest@5700d6b1]" name="login" is-config="true" duration-ms="8972" started-at="2022-03-17T05:41:56Z" finished-at="2022-03-17T05:42:05Z">
          <reporter-output>
            <line>
              <![CDATA[login successfully]]>
            </line>
          </reporter-output>
        </test-method> <!-- login -->
        <test-method status="FAIL" signature="createConTest()[pri:0, instance:com.crm.Contact.CreateContactWithOrgTest@5700d6b1]" name="createConTest" duration-ms="4797" started-at="2022-03-17T05:42:05Z" finished-at="2022-03-17T05:42:10Z">
          <exception class="java.lang.AssertionError">
            <message>
              <![CDATA[null]]>
            </message>
            <full-stacktrace>
              <![CDATA[java.lang.AssertionError: null
at org.testng.Assert.fail(Assert.java:96)
at org.testng.Assert.fail(Assert.java:103)
at com.crm.Contact.CreateContactWithOrgTest.createConTest(CreateContactWithOrgTest.java:61)
at sun.reflect.NativeMethodAccessorImpl.invoke0(Native Method)
at sun.reflect.NativeMethodAccessorImpl.invoke(NativeMethodAccessorImpl.java:62)
at sun.reflect.DelegatingMethodAccessorImpl.invoke(DelegatingMethodAccessorImpl.java:43)
at java.lang.reflect.Method.invoke(Method.java:498)
at org.testng.internal.MethodInvocationHelper.invokeMethod(MethodInvocationHelper.java:124)
at org.testng.internal.Invoker.invokeMethod(Invoker.java:583)
at org.testng.internal.Invoker.invokeTestMethod(Invoker.java:719)
at org.testng.internal.Invoker.invokeTestMethods(Invoker.java:989)
at org.testng.internal.TestMethodWorker.invokeTestMethods(TestMethodWorker.java:125)
at org.testng.internal.TestMethodWorker.run(TestMethodWorker.java:109)
at org.testng.TestRunner.privateRun(TestRunner.java:648)
at org.testng.TestRunner.run(TestRunner.java:505)
at org.testng.SuiteRunner.runTest(SuiteRunner.java:455)
at org.testng.SuiteRunner.runSequentially(SuiteRunner.java:450)
at org.testng.SuiteRunner.privateRun(SuiteRunner.java:415)
at org.testng.SuiteRunner.run(SuiteRunner.java:364)
at org.testng.SuiteRunnerWorker.runSuite(SuiteRunnerWorker.java:52)
at org.testng.SuiteRunnerWorker.run(SuiteRunnerWorker.java:84)
at org.testng.TestNG.runSuitesSequentially(TestNG.java:1208)
at org.testng.TestNG.runSuitesLocally(TestNG.java:1137)
at org.testng.TestNG.runSuites(TestNG.java:1049)
at org.testng.TestNG.run(TestNG.java:1017)
at org.testng.remote.AbstractRemoteTestNG.run(AbstractRemoteTestNG.java:114)
at org.testng.remote.RemoteTestNG.initAndRun(RemoteTestNG.java:251)
at org.testng.remote.RemoteTestNG.main(RemoteTestNG.java:77)
]]>
            </full-stacktrace>
          </exception> <!-- java.lang.AssertionError -->
          <reporter-output>
            <line>
              <![CDATA[createConTest--- TestScript Failed]]>
            </line>
          </reporter-output>
        </test-method> <!-- createConTest -->
        <test-method status="PASS" signature="logout()[pri:0, instance:com.crm.Contact.CreateContactWithOrgTest@5700d6b1]" name="logout" is-config="true" duration-ms="2676" started-at="2022-03-17T05:42:10Z" finished-at="2022-03-17T05:42:13Z">
          <reporter-output>
            <line>
              <![CDATA[logout successfully]]>
            </line>
          </reporter-output>
        </test-method> <!-- logout -->
        <test-method status="PASS" signature="closebrowser()[pri:0, instance:com.crm.Contact.CreateContactWithOrgTest@5700d6b1]" name="closebrowser" is-config="true" duration-ms="983" started-at="2022-03-17T05:42:13Z" finished-at="2022-03-17T05:42:14Z">
          <reporter-output>
            <line>
              <![CDATA[browser close successfully]]>
            </line>
          </reporter-output>
        </test-method> <!-- closebrowser -->
        <test-method status="PASS" signature="closeDb()[pri:0, instance:com.crm.Contact.CreateContactWithOrgTest@5700d6b1]" name="closeDb" is-config="true" duration-ms="3" started-at="2022-03-17T05:42:15Z" finished-at="2022-03-17T05:42:15Z">
          <reporter-output>
            <line>
              <![CDATA[Database close successfully]]>
            </line>
          </reporter-output>
        </test-method> <!-- closeDb -->
      </class> <!-- com.crm.Contact.CreateContactWithOrgTest -->
    </test> <!-- Default test -->
  </suite> <!-- Default suite -->
</testng-results>
